<?xml version="1.0" encoding="UTF-8"?>
<!-- Generated by org.testng.reporters.JUnitReportReporter -->
<testsuite hostname="DESKTOP-MD6PE6Q" failures="0" tests="3" name="nopCommerce.TestProductPage" time="9.017" errors="0" timestamp="2024-07-16T00:34:28 IST" skipped="0">
  <testcase classname="nopCommerce.TestProductPage" name="testLogin" time="4.081"/>
  <testcase classname="nopCommerce.TestProductPage" name="testNavigateProductsPage" time="3.403"/>
  <testcase classname="nopCommerce.TestProductPage" name="testSearchProduct" time="1.533"/>
</testsuite> <!-- nopCommerce.TestProductPage -->
