<?xml version="1.0" encoding="UTF-8"?>
<!-- Generated by org.testng.reporters.JUnitReportReporter -->
<testsuite hostname="DESKTOP-MD6PE6Q" failures="0" tests="1" name="nopCommerce.Test1" time="0.013" errors="0" timestamp="2024-07-14T00:27:16 IST" skipped="0">
  <testcase classname="nopCommerce.Test1" name="test1" time="0.013"/>
</testsuite> <!-- nopCommerce.Test1 -->
