<?xml version="1.0" encoding="UTF-8"?>
<!-- Generated by org.testng.reporters.JUnitReportReporter -->
<testsuite hostname="DESKTOP-MD6PE6Q" failures="0" tests="2" name="nopCommerce.LoginTest" time="10.605" errors="0" timestamp="2024-07-16T00:34:28 IST" skipped="0">
  <testcase classname="nopCommerce.LoginTest" name="testLogin" time="6.298"/>
  <testcase classname="nopCommerce.LoginTest" name="testNavigateProductsPage" time="4.307"/>
</testsuite> <!-- nopCommerce.LoginTest -->
